[    0.000000] Initializing cgroup subsys cpuset
[    0.000000] Initializing cgroup subsys cpu
[    0.000000] Initializing cgroup subsys cpuacct
[    0.000000] Linux version 4.4.0-71-generic (buildd@lcy01-05) (gcc version 5.4.0 20160609 (Ubuntu 5.4.0-6ubuntu1~16.04.4) ) #92-Ubuntu SMP Fri Mar 24 12:59:01 UTC 2017 (Ubuntu 4.4.0-71.92-generic 4.4.49)
[    0.000000] Command line: BOOT_IMAGE=/boot/vmlinuz-4.4.0-71-generic root=LABEL=cloudimg-rootfs ro console=tty1 console=ttyS0
[    0.000000] KERNEL supported cpus:
[    0.000000]   Intel GenuineIntel
[    0.000000]   AMD AuthenticAMD
[    0.000000]   Centaur CentaurHauls
[    0.000000] x86/fpu: xstate_offset[2]:  576, xstate_sizes[2]:  256
[    0.000000] x86/fpu: Supporting XSAVE feature 0x01: 'x87 floating point registers'
[    0.000000] x86/fpu: Supporting XSAVE feature 0x02: 'SSE registers'
[    0.000000] x86/fpu: Supporting XSAVE feature 0x04: 'AVX registers'
[    0.000000] x86/fpu: Enabled xstate features 0x7, context size is 832 bytes, using 'standard' format.
[    0.000000] x86/fpu: Using 'lazy' FPU context switches.
[    0.000000] e820: BIOS-provided physical RAM map:
[    0.000000] BIOS-e820: [mem 0x0000000000000000-0x000000000009fbff] usable
[    0.000000] BIOS-e820: [mem 0x000000000009fc00-0x000000000009ffff] reserved
[    0.000000] BIOS-e820: [mem 0x00000000000f0000-0x00000000000fffff] reserved
[    0.000000] BIOS-e820: [mem 0x0000000000100000-0x000000003ffeffff] usable
[    0.000000] BIOS-e820: [mem 0x000000003fff0000-0x000000003fffffff] ACPI data
[    0.000000] BIOS-e820: [mem 0x00000000fec00000-0x00000000fec00fff] reserved
[    0.000000] BIOS-e820: [mem 0x00000000fee00000-0x00000000fee00fff] reserved
[    0.000000] BIOS-e820: [mem 0x00000000fffc0000-0x00000000ffffffff] reserved
[    0.000000] NX (Execute Disable) protection: active
[    0.000000] SMBIOS 2.5 present.
[    0.000000] Hypervisor detected: KVM
[    0.000000] e820: last_pfn = 0x3fff0 max_arch_pfn = 0x400000000
[    0.000000] MTRR: Disabled
[    0.000000] x86/PAT: MTRRs disabled, skipping PAT initialization too.
[    0.000000] x86/PAT: Configuration [0-7]: WB  WT  UC- UC  WB  WT  UC- UC  
[    0.000000] CPU MTRRs all blank - virtualized system.
[    0.000000] found SMP MP-table at [mem 0x0009fff0-0x0009ffff] mapped at [ffff88000009fff0]
[    0.000000] Scanning 1 areas for low memory corruption
[    0.000000] RAMDISK: [mem 0x36ae8000-0x3756bfff]
[    0.000000] ACPI: Early table checksum verification disabled
[    0.000000] ACPI: RSDP 0x00000000000E0000 000024 (v02 VBOX  )
[    0.000000] ACPI: XSDT 0x000000003FFF0030 00003C (v01 VBOX   VBOXXSDT 00000001 ASL  00000061)
[    0.000000] ACPI: FACP 0x000000003FFF00F0 0000F4 (v04 VBOX   VBOXFACP 00000001 ASL  00000061)
[    0.000000] ACPI: DSDT 0x000000003FFF0470 00210F (v01 VBOX   VBOXBIOS 00000002 INTL 20100528)
[    0.000000] ACPI: FACS 0x000000003FFF0200 000040
[    0.000000] ACPI: FACS 0x000000003FFF0200 000040
[    0.000000] ACPI: APIC 0x000000003FFF0240 00005C (v02 VBOX   VBOXAPIC 00000001 ASL  00000061)
[    0.000000] ACPI: SSDT 0x000000003FFF02A0 0001CC (v01 VBOX   VBOXCPUT 00000002 INTL 20100528)
[    0.000000] No NUMA configuration found
[    0.000000] Faking a node at [mem 0x0000000000000000-0x000000003ffeffff]
[    0.000000] NODE_DATA(0) allocated [mem 0x3ffeb000-0x3ffeffff]
[    0.000000] kvm-clock: Using msrs 4b564d01 and 4b564d00
[    0.000000] kvm-clock: cpu 0, msr 0:3ffe3001, primary cpu clock
[    0.000000] kvm-clock: using sched offset of 3567813099 cycles
[    0.000000] clocksource: kvm-clock: mask: 0xffffffffffffffff max_cycles: 0x1cd42e4dffb, max_idle_ns: 881590591483 ns
[    0.000000] Zone ranges:
[    0.000000]   DMA      [mem 0x0000000000001000-0x0000000000ffffff]
[    0.000000]   DMA32    [mem 0x0000000001000000-0x000000003ffeffff]
[    0.000000]   Normal   empty
[    0.000000]   Device   empty
[    0.000000] Movable zone start for each node
[    0.000000] Early memory node ranges
[    0.000000]   node   0: [mem 0x0000000000001000-0x000000000009efff]
[    0.000000]   node   0: [mem 0x0000000000100000-0x000000003ffeffff]
[    0.000000] Initmem setup node 0 [mem 0x0000000000001000-0x000000003ffeffff]
[    0.000000] ACPI: PM-Timer IO Port: 0x4008
[    0.000000] IOAPIC[0]: apic_id 2, version 32, address 0xfec00000, GSI 0-23
[    0.000000] ACPI: INT_SRC_OVR (bus 0 bus_irq 0 global_irq 2 dfl dfl)
[    0.000000] ACPI: INT_SRC_OVR (bus 0 bus_irq 9 global_irq 9 high level)
[    0.000000] Using ACPI (MADT) for SMP configuration information
[    0.000000] smpboot: Allowing 2 CPUs, 0 hotplug CPUs
[    0.000000] PM: Registered nosave memory: [mem 0x00000000-0x00000fff]
[    0.000000] PM: Registered nosave memory: [mem 0x0009f000-0x0009ffff]
[    0.000000] PM: Registered nosave memory: [mem 0x000a0000-0x000effff]
[    0.000000] PM: Registered nosave memory: [mem 0x000f0000-0x000fffff]
[    0.000000] e820: [mem 0x40000000-0xfebfffff] available for PCI devices
[    0.000000] Booting paravirtualized kernel on KVM
[    0.000000] clocksource: refined-jiffies: mask: 0xffffffff max_cycles: 0xffffffff, max_idle_ns: 7645519600211568 ns
[    0.000000] setup_percpu: NR_CPUS:512 nr_cpumask_bits:512 nr_cpu_ids:2 nr_node_ids:1
[    0.000000] PERCPU: Embedded 33 pages/cpu @ffff88003fc00000 s98264 r8192 d28712 u1048576
[    0.000000] PV qspinlock hash table entries: 256 (order: 0, 4096 bytes)
[    0.000000] Built 1 zonelists in Node order, mobility grouping on.  Total pages: 257913
[    0.000000] Policy zone: DMA32
[    0.000000] Kernel command line: BOOT_IMAGE=/boot/vmlinuz-4.4.0-71-generic root=LABEL=cloudimg-rootfs ro console=tty1 console=ttyS0
[    0.000000] PID hash table entries: 4096 (order: 3, 32768 bytes)
[    0.000000] Memory: 1001812K/1048120K available (8452K kernel code, 1293K rwdata, 3976K rodata, 1484K init, 1316K bss, 46308K reserved, 0K cma-reserved)
[    0.000000] SLUB: HWalign=64, Order=0-3, MinObjects=0, CPUs=2, Nodes=1
[    0.000000] Hierarchical RCU implementation.
[    0.000000] 	Build-time adjustment of leaf fanout to 64.
[    0.000000] 	RCU restricting CPUs from NR_CPUS=512 to nr_cpu_ids=2.
[    0.000000] RCU: Adjusting geometry for rcu_fanout_leaf=64, nr_cpu_ids=2
[    0.000000] NR_IRQS:33024 nr_irqs:440 16
[    0.000000] Console: colour VGA+ 80x25
[    0.000000] console [tty1] enabled
[    0.000000] console [ttyS0] enabled
[    0.000000] tsc: Detected 3298.094 MHz processor
[    2.116217] Calibrating delay loop (skipped) preset value.. 6596.18 BogoMIPS (lpj=13192376)
[    2.125728] pid_max: default: 32768 minimum: 301
[    2.127417] ACPI: Core revision 20150930
[    2.219686] ACPI: 2 ACPI AML tables successfully acquired and loaded
[    2.274087] Security Framework initialized
[    2.274724] Yama: becoming mindful.
[    2.275314] AppArmor: AppArmor initialized
[    2.276015] Dentry cache hash table entries: 131072 (order: 8, 1048576 bytes)
[    2.277144] Inode-cache hash table entries: 65536 (order: 7, 524288 bytes)
[    2.279597] Mount-cache hash table entries: 2048 (order: 2, 16384 bytes)
[    2.288112] Mountpoint-cache hash table entries: 2048 (order: 2, 16384 bytes)
[    2.295902] Initializing cgroup subsys io
[    2.311374] Initializing cgroup subsys memory
[    2.323111] Initializing cgroup subsys devices
[    2.326693] Initializing cgroup subsys freezer
[    2.335063] Initializing cgroup subsys net_cls
[    2.336992] Initializing cgroup subsys perf_event
[    2.350627] Initializing cgroup subsys net_prio
[    2.389996] Initializing cgroup subsys hugetlb
[    2.397616] Initializing cgroup subsys pids
[    2.399488] CPU: Physical Processor ID: 0
[    2.401125] CPU: Processor Core ID: 0
[    2.403641] mce: CPU supports 0 MCE banks
[    2.409465] Last level iTLB entries: 4KB 1024, 2MB 1024, 4MB 1024
[    2.476075] Last level dTLB entries: 4KB 1024, 2MB 1024, 4MB 1024, 1GB 4
[    2.486927] Freeing SMP alternatives memory: 32K (ffffffff820b8000 - ffffffff820c0000)
[    2.497341] ftrace: allocating 32111 entries in 126 pages
[    2.534150] smpboot: APIC(0) Converting physical 0 to logical package 0
[    2.571018] smpboot: Max logical packages: 1
[    2.584109] x2apic enabled
[    2.617196] Switched APIC routing to physical x2apic.
[    2.672547] ..TIMER: vector=0x30 apic1=0 pin1=2 apic2=-1 pin2=-1
[    2.800590] smpboot: CPU0: Intel(R) Core(TM) i7-5820K CPU @ 3.30GHz (family: 0x6, model: 0x3f, stepping: 0x2)
[    2.972670] Performance Events: unsupported p6 CPU model 63 no PMU driver, software events only.
[    2.974145] KVM setup paravirtual spinlock
[    2.976965] x86: Booting SMP configuration:
[    2.985468] .... node  #0, CPUs:      #1
[    2.986445] kvm-clock: cpu 1, msr 0:3ffe3041, secondary cpu clock
[    2.989021] mce: CPU supports 0 MCE banks
[    2.991945] x86: Booted up 1 node, 2 CPUs
[    3.001172] smpboot: Total of 2 processors activated (13192.37 BogoMIPS)
[    3.002501] devtmpfs: initialized
[    3.004217] evm: security.selinux
[    3.004784] evm: security.SMACK64
[    3.010933] evm: security.SMACK64EXEC
[    3.011525] evm: security.SMACK64TRANSMUTE
[    3.012178] evm: security.SMACK64MMAP
[    3.012776] evm: security.ima
[    3.014641] evm: security.capability
[    3.052954] clocksource: jiffies: mask: 0xffffffff max_cycles: 0xffffffff, max_idle_ns: 7645041785100000 ns
[    3.148166] pinctrl core: initialized pinctrl subsystem
[    3.149064] RTC time:  3:13:44, date: 04/04/17
[    3.151288] NET: Registered protocol family 16
[    3.161122] cpuidle: using governor ladder
[    3.177243] cpuidle: using governor menu
[    3.294365] PCCT header not found.
[    3.302146] ACPI: bus type PCI registered
[    3.314349] acpiphp: ACPI Hot Plug PCI Controller Driver version: 0.5
[    3.327348] PCI: Using configuration type 1 for base access
[    3.482380] ACPI: Added _OSI(Module Device)
[    3.505486] ACPI: Added _OSI(Processor Device)
[    3.507255] ACPI: Added _OSI(3.0 _SCP Extensions)
[    3.507980] ACPI: Added _OSI(Processor Aggregator Device)
[    3.509385] ACPI: Executed 1 blocks of module-level executable AML code
[    3.514003] ACPI: Interpreter enabled
[    3.514621] ACPI: (supports S0 S5)
[    3.524709] ACPI: Using IOAPIC for interrupt routing
[    3.531671] PCI: Using host bridge windows from ACPI; if necessary, use "pci=nocrs" and report a bug
[    3.554904] ACPI: PCI Root Bridge [PCI0] (domain 0000 [bus 00-ff])
[    3.563085] acpi PNP0A03:00: _OSC: OS supports [ASPM ClockPM Segments MSI]
[    3.628451] acpi PNP0A03:00: _OSC failed (AE_NOT_FOUND); disabling ASPM
[    3.809306] acpi PNP0A03:00: fail to add MMCONFIG information, can't access extended PCI configuration space under this bridge.
[    3.872521] PCI host bridge to bus 0000:00
[    3.986567] pci_bus 0000:00: root bus resource [io  0x0000-0x0cf7 window]
[    4.106038] pci_bus 0000:00: root bus resource [io  0x0d00-0xffff window]
[    4.106955] pci_bus 0000:00: root bus resource [mem 0x000a0000-0x000bffff window]
[    4.146131] pci_bus 0000:00: root bus resource [mem 0x40000000-0xffdfffff window]
[    4.209055] pci_bus 0000:00: root bus resource [bus 00-ff]
[    4.211231] pci 0000:00:01.1: legacy IDE quirk: reg 0x10: [io  0x01f0-0x01f7]
[    4.215745] pci 0000:00:01.1: legacy IDE quirk: reg 0x14: [io  0x03f6]
[    4.224488] pci 0000:00:01.1: legacy IDE quirk: reg 0x18: [io  0x0170-0x0177]
[    4.225453] pci 0000:00:01.1: legacy IDE quirk: reg 0x1c: [io  0x0376]
[    4.240695] pci 0000:00:07.0: quirk: [io  0x4000-0x403f] claimed by PIIX4 ACPI
[    4.322826] pci 0000:00:07.0: quirk: [io  0x4100-0x410f] claimed by PIIX4 SMB
[    4.329032] ACPI: PCI Interrupt Link [LNKA] (IRQs 5 9 10 *11)
[    4.418486] ACPI: PCI Interrupt Link [LNKB] (IRQs 5 9 10 *11)
[    4.438213] ACPI: PCI Interrupt Link [LNKC] (IRQs 5 9 *10 11)
[    4.445244] ACPI: PCI Interrupt Link [LNKD] (IRQs 5 *9 10 11)
[    4.446514] ACPI: Enabled 2 GPEs in block 00 to 07
[    4.447644] vgaarb: setting as boot device: PCI:0000:00:02.0
[    4.541180] vgaarb: device added: PCI:0000:00:02.0,decodes=io+mem,owns=io+mem,locks=none
[    4.699289] vgaarb: loaded
[    4.780749] vgaarb: bridge control possible 0000:00:02.0
[    4.824432] SCSI subsystem initialized
[    4.826015] ACPI: bus type USB registered
[    4.954645] usbcore: registered new interface driver usbfs
[    5.117938] usbcore: registered new interface driver hub
[    5.178632] usbcore: registered new device driver usb
[    5.180122] PCI: Using ACPI for IRQ routing
[    5.181563] NetLabel: Initializing
[    5.182475] NetLabel:  domain hash size = 128
[    5.183537] NetLabel:  protocols = UNLABELED CIPSOv4
[    5.184733] NetLabel:  unlabeled traffic allowed by default
[    5.192593] amd_nb: Cannot enumerate AMD northbridges
[    5.272263] clocksource: Switched to clocksource kvm-clock
[    5.299256] AppArmor: AppArmor Filesystem Enabled
[    5.313563] pnp: PnP ACPI init
[    5.314745] pnp: PnP ACPI: found 3 devices
[    5.332320] clocksource: acpi_pm: mask: 0xffffff max_cycles: 0xffffff, max_idle_ns: 2085701024 ns
[    5.569457] NET: Registered protocol family 2
[    5.583696] TCP established hash table entries: 8192 (order: 4, 65536 bytes)
[    5.805633] TCP bind hash table entries: 8192 (order: 5, 131072 bytes)
[    5.949820] TCP: Hash tables configured (established 8192 bind 8192)
[    6.157784] UDP hash table entries: 512 (order: 2, 16384 bytes)
[    6.237172] UDP-Lite hash table entries: 512 (order: 2, 16384 bytes)
[    6.381718] NET: Registered protocol family 1
[    6.416981] pci 0000:00:00.0: Limiting direct PCI/PCI transfers
[    6.417848] pci 0000:00:01.0: Activating ISA DMA hang workarounds
[    6.422331] Unpacking initramfs...
[    8.169661] Freeing initrd memory: 10768K (ffff880036ae8000 - ffff88003756c000)
[    8.238118] RAPL PMU detected, API unit is 2^-32 Joules, 3 fixed counters 10737418240 ms ovfl timer
[    8.240761] hw unit of domain pp0-core 2^-0 Joules
[    8.375866] hw unit of domain package 2^-0 Joules
[    8.527882] hw unit of domain dram 2^-16 Joules
[    8.664763] platform rtc_cmos: registered platform RTC device (no PNP device found)
[    8.875944] Scanning for low memory corruption every 60 seconds
[    8.900816] futex hash table entries: 512 (order: 3, 32768 bytes)
[    8.904583] audit: initializing netlink subsys (disabled)
[    8.920624] audit: type=2000 audit(1491275630.778:1): initialized
[    8.933807] Initialise system trusted keyring
[    8.934626] HugeTLB registered 2 MB page size, pre-allocated 0 pages
[    8.950490] zbud: loaded
[    8.956006] VFS: Disk quotas dquot_6.6.0
[    9.008417] VFS: Dquot-cache hash table entries: 512 (order 0, 4096 bytes)
[    9.154415] squashfs: version 4.0 (2009/01/31) Phillip Lougher
[    9.240339] fuse init (API version 7.23)
[    9.348617] Key type big_key registered
[    9.428978] Allocating IMA MOK and blacklist keyrings.
[    9.451563] Key type asymmetric registered
[    9.556679] Asymmetric key parser 'x509' registered
[    9.706448] tsc: Refined TSC clocksource calibration: 3298.545 MHz
[    9.845774] clocksource: tsc: mask: 0xffffffffffffffff max_cycles: 0x2f8bedf9a87, max_idle_ns: 440795231952 ns
[    9.848464] Block layer SCSI generic (bsg) driver version 0.4 loaded (major 249)
[    9.848524] io scheduler noop registered
[    9.848528] io scheduler deadline registered (default)
[    9.848577] io scheduler cfq registered
[    9.848775] pci_hotplug: PCI Hot Plug PCI Core version: 0.5
[    9.848786] pciehp: PCI Express Hot Plug Controller Driver version: 0.4
[    9.848998] ACPI: AC Adapter [AC] (on-line)
[    9.849081] input: Power Button as /devices/LNXSYSTM:00/LNXPWRBN:00/input/input0
[    9.849085] ACPI: Power Button [PWRF]
[    9.849201] input: Sleep Button as /devices/LNXSYSTM:00/LNXSLPBN:00/input/input1
[    9.849203] ACPI: Sleep Button [SLPF]
[    9.849429] GHES: HEST is not enabled!
[    9.849585] Serial: 8250/16550 driver, 32 ports, IRQ sharing enabled
[    9.880032] 00:02: ttyS0 at I/O 0x3f8 (irq = 4, base_baud = 115200) is a 16550A
[    9.885035] Linux agpgart interface v0.103
[    9.887623] loop: module loaded
[    9.888510] scsi host0: ata_piix
[    9.888599] scsi host1: ata_piix
[    9.888649] ata1: PATA max UDMA/33 cmd 0x1f0 ctl 0x3f6 bmdma 0xd000 irq 14
[    9.888651] ata2: PATA max UDMA/33 cmd 0x170 ctl 0x376 bmdma 0xd008 irq 15
[    9.888766] libphy: Fixed MDIO Bus: probed
[    9.888769] tun: Universal TUN/TAP device driver, 1.6
[    9.888770] tun: (C) 1999-2004 Max Krasnyansky <maxk@qualcomm.com>
[    9.889251] PPP generic driver version 2.4.2
[    9.889360] ehci_hcd: USB 2.0 'Enhanced' Host Controller (EHCI) Driver
[    9.889368] ehci-pci: EHCI PCI platform driver
[    9.889381] ehci-platform: EHCI generic platform driver
[    9.889393] ohci_hcd: USB 1.1 'Open' Host Controller (OHCI) Driver
[    9.889397] ohci-pci: OHCI PCI platform driver
[    9.889412] ohci-platform: OHCI generic platform driver
[    9.889422] uhci_hcd: USB Universal Host Controller Interface driver
[    9.889500] i8042: PNP: PS/2 Controller [PNP0303:PS2K,PNP0f03:PS2M] at 0x60,0x64 irq 1,12
[    9.891978] serio: i8042 KBD port at 0x60,0x64 irq 1
[    9.891985] serio: i8042 AUX port at 0x60,0x64 irq 12
[    9.892167] mousedev: PS/2 mouse device common for all mice
[    9.892728] rtc_cmos rtc_cmos: rtc core: registered rtc_cmos as rtc0
[    9.892830] rtc_cmos rtc_cmos: alarms up to one day, 114 bytes nvram
[    9.892842] i2c /dev entries driver
[    9.892921] device-mapper: uevent: version 1.0.3
[    9.893008] device-mapper: ioctl: 4.34.0-ioctl (2015-10-28) initialised: dm-devel@redhat.com
[    9.893040] ledtrig-cpu: registered to indicate activity on CPUs
[    9.893505] NET: Registered protocol family 10
[    9.893730] NET: Registered protocol family 17
[    9.893747] Key type dns_resolver registered
[    9.894039] microcode: CPU0 sig=0x306f2, pf=0x40, revision=0x0
[    9.894051] microcode: CPU1 sig=0x306f2, pf=0x40, revision=0x0
[    9.894144] microcode: Microcode Update Driver: v2.01 <tigran@aivazian.fsnet.co.uk>, Peter Oruba
[    9.894366] registered taskstats version 1
[    9.894387] Loading compiled-in X.509 certificates
[    9.895652] Loaded X.509 cert 'Build time autogenerated kernel key: 812d956779f79f89ad448268b75be2bbdc5d2bc7'
[    9.895685] zswap: loaded using pool lzo/zbud
[    9.897879] Key type trusted registered
[    9.899683] Key type encrypted registered
[    9.899686] AppArmor: AppArmor sha1 policy hashing enabled
[    9.899688] ima: No TPM chip found, activating TPM-bypass!
[    9.899703] evm: HMAC attrs: 0x1
[    9.899919]   Magic number: 13:768:208
[    9.899935] vc vcsa: hash matches
[    9.917954] rtc_cmos rtc_cmos: setting system clock to 2017-04-04 03:13:51 UTC (1491275631)
[    9.918138] BIOS EDD facility v0.16 2004-Jun-25, 0 devices found
[    9.918138] EDD information not available.
[   10.018719] input: AT Translated Set 2 keyboard as /devices/platform/i8042/serio0/input/input2
[   11.422688] Freeing unused kernel memory: 1484K (ffffffff81f45000 - ffffffff820b8000)
[   11.425130] Write protecting the kernel read-only data: 14336k
[   11.426452] Freeing unused kernel memory: 1776K (ffff880001844000 - ffff880001a00000)
[   11.427964] Freeing unused kernel memory: 120K (ffff880001de2000 - ffff880001e00000)
Loading, please wait...
starting version[   11.449807] random: systemd-udevd: uninitialized urandom read (16 bytes read, 3 bits of entropy available)
 229
[   11.450317] random: udevadm: uninitialized urandom read (16 bytes read, 3 bits of entropy available)
[   11.450346] random: udevadm: uninitialized urandom read (16 bytes read, 3 bits of entropy available)
[   11.450454] random: udevadm: uninitialized urandom read (16 bytes read, 3 bits of entropy available)
[   11.450519] random: udevadm: uninitialized urandom read (16 bytes read, 3 bits of entropy available)
[   11.450578] random: udevadm: uninitialized urandom read (16 bytes read, 3 bits of entropy available)
[   11.450638] random: udevadm: uninitialized urandom read (16 bytes read, 3 bits of entropy available)
[   11.450685] random: udevadm: uninitialized urandom read (16 bytes read, 3 bits of entropy available)
[   11.450715] random: udevadm: uninitialized urandom read (16 bytes read, 3 bits of entropy available)
[   11.450745] random: udevadm: uninitialized urandom read (16 bytes read, 3 bits of entropy available)
[   12.757090] e1000: Intel(R) PRO/1000 Network Driver - version 7.3.21-k8-NAPI
[   12.965693] e1000: Copyright (c) 1999-2006 Intel Corporation.
[   13.144239] Fusion MPT base driver 3.04.20
[   13.266149] Copyright (c) 1999-2008 LSI Corporation
[   13.363294] Fusion MPT SPI Host driver 3.04.20
[   13.366611] AVX version of gcm_enc/dec engaged.
[   13.367374] AES CTR mode by8 optimization enabled
[   13.574873] input: ImExPS/2 Generic Explorer Mouse as /devices/platform/i8042/serio1/input/input4
[   13.693300] e1000 0000:00:03.0 eth0: (PCI:33MHz:32-bit) 02:6f:83:38:c1:e5
[   13.749452] e1000 0000:00:03.0 eth0: Intel(R) PRO/1000 Network Connection
[   13.757329] e1000 0000:00:03.0 enp0s3: renamed from eth0
[   13.757441] mptbase: ioc0: Initiating bringup
[   13.837171] ioc0: LSI53C1030 A0: Capabilities={Initiator}
[   14.002265] scsi host2: ioc0: LSI53C1030 A0, FwRev=00000000h, Ports=1, MaxQ=256, IRQ=20
[   14.409111] scsi 2:0:0:0: Direct-Access     VBOX     HARDDISK         1.0  PQ: 0 ANSI: 5
[   14.674718] scsi target2:0:0: Beginning Domain Validation
[   14.767130] scsi target2:0:0: Domain Validation skipping write tests
[   14.813423] scsi target2:0:0: Ending Domain Validation
[   14.833692] scsi target2:0:0: asynchronous
[   14.835962] scsi 2:0:1:0: Direct-Access     VBOX     HARDDISK         1.0  PQ: 0 ANSI: 5
[   14.839615] scsi target2:0:1: Beginning Domain Validation
[   14.843086] scsi target2:0:1: Domain Validation skipping write tests
[   14.861207] scsi target2:0:1: Ending Domain Validation
[   14.862059] scsi target2:0:1: asynchronous
[   14.878340] sd 2:0:0:0: Attached scsi generic sg0 type 0
[   15.049165] sd 2:0:0:0: [sda] 20971520 512-byte logical blocks: (10.7 GB/10.0 GiB)
[   15.292041] sd 2:0:0:0: [sda] Write Protect is off
[   15.292596] sd 2:0:1:0: [sdb] 20480 512-byte logical blocks: (10.5 MB/10.0 MiB)
[   15.292863] sd 2:0:1:0: [sdb] Write Protect is off
[   15.292966] sd 2:0:1:0: [sdb] Incomplete mode parameter data
[   15.292967] sd 2:0:1:0: [sdb] Assuming drive cache: write through
[   15.459692] sd 2:0:1:0: Attached scsi generic sg1 type 0
[   15.528978] sd 2:0:1:0: [sdb] Attached SCSI disk
[   15.843922] sd 2:0:0:0: [sda] Incomplete mode parameter data
[   15.872524] sd 2:0:0:0: [sda] Assuming drive cache: write through
[   15.882089]  sda: sda1
[   15.888864] sd 2:0:0:0: [sda] Attached SCSI disk
[   16.360408] floppy0: no floppy controllers found
Begin: Loading e[   17.856475] md: linear personality registered for level -1
ssential drivers[   17.862637] md: multipath personality registered for level -4
 ... [   17.941566] md: raid0 personality registered for level 0
[   17.989997] md: raid1 personality registered for level 1
[   18.204616] raid6: sse2x1   gen() 10199 MB/s
[   18.336377] raid6: sse2x1   xor()  8091 MB/s
[   18.496733] raid6: sse2x2   gen() 13058 MB/s
[   18.712605] raid6: sse2x2   xor()  8732 MB/s
[   18.928447] raid6: sse2x4   gen() 14791 MB/s
[   19.136817] raid6: sse2x4   xor() 10418 MB/s
[   19.272514] raid6: using algorithm sse2x4 gen() 14791 MB/s
[   19.444808] raid6: .... xor() 10418 MB/s, rmw enabled
[   19.540855] raid6: using ssse3x2 recovery algorithm
[   19.653469] xor: automatically using best checksumming function:
[   19.692336]    avx       : 20441.000 MB/sec
[   19.714863] async_tx: api initialized (async)
[   19.723569] md: raid6 personality registered for level 6
[   19.879033] md: raid5 personality registered for level 5
[   19.879857] md: raid4 personality registered for level 4
[   19.885611] md: raid10 personality registered for level 10
done.
Begin: Running /scripts/init-p[   19.987673] Btrfs loaded
remount ... done.
Begin: Mounting root file system ... Begin: Running /scripts/local-top ... done.
Begin: Running /scripts/local-premount ... Scanning for Btrfs filesystems
done.
Warning: fsck not present, so skipping root file system
[   20.135458] EXT4-fs (sda1): mounted filesystem with ordered data mode. Opts: (null)
done.
Begin: Running /scripts/local-bottom ... done.
Begin: Running /scripts/init-bottom ... done.
[   20.794258] systemd[1]: systemd 229 running in system mode. (+PAM +AUDIT +SELINUX +IMA +APPARMOR +SMACK +SYSVINIT +UTMP +LIBCRYPTSETUP +GCRYPT +GNUTLS +ACL +XZ -LZ4 +SECCOMP +BLKID +ELFUTILS +KMOD -IDN)
[   20.986956] systemd[1]: Detected virtualization oracle.
[   20.987734] systemd[1]: Detected architecture x86-64.

Welcome to [1mUbuntu 16.04.2 LTS[0m!

[   21.045911] systemd[1]: Set hostname to <ubuntu>.
[   21.217309] systemd[1]: Initializing machine ID from random generator.
[   21.407671] systemd[1]: Installed transient /etc/machine-id file.
[   21.596752] random: nonblocking pool is initialized
[   22.393981] systemd[1]: Listening on LVM2 metadata daemon socket.
[[0;32m  OK  [0m] Listening on LVM2 metadata daemon socket.
[   22.485926] systemd[1]: Listening on udev Kernel Socket.
[[0;32m  OK  [0m] Listening on udev Kernel Socket.
[   22.502376] systemd[1]: Listening on Syslog Socket.
[[0;32m  OK  [0m] Listening on Syslog Socket.
[   22.507747] systemd[1]: Listening on Journal Audit Socket.
[[0;32m  OK  [0m] Listening on Journal Audit Socket.
[   22.702959] systemd[1]: Listening on /dev/initctl Compatibility Named Pipe.
[[0;32m  OK  [0m] Listening on /dev/initctl Compatibility Named Pipe.
[   22.915103] systemd[1]: Set up automount Arbitrary Executable File Formats File System Automount Point.
[[0;32m  OK  [0m] Set up automount Arbitrary Executab...ats File System Automount Point.
[   23.248565] systemd[1]: Created slice System Slice.
[[0;32m  OK  [0m] Created slice System Slice.
[   23.404016] systemd[1]: Reached target Swap.
[[0;32m  OK  [0m] Reached target Swap.
[   23.424860] systemd[1]: Started Forward Password Requests to Wall Directory Watch.
[[0;32m  OK  [0m] Started Forward Password Requests to Wall Directory Watch.
[   23.678007] systemd[1]: Reached target Encrypted Volumes.
[[0;32m  OK  [0m] Reached target Encrypted Volumes.
[   23.697939] systemd[1]: Listening on Device-mapper event daemon FIFOs.
[[0;32m  OK  [0m] Listening on Device-mapper event daemon FIFOs.
[   23.908946] systemd[1]: Reached target User and Group Name Lookups.
[[0;32m  OK  [0m] Reached target User and Group Name Lookups.
[   24.121415] systemd[1]: Created slice system-serial\x2dgetty.slice.
[[0;32m  OK  [0m] Created slice system-serial\x2dgetty.slice.
[   24.253434] systemd[1]: Listening on LVM2 poll daemon socket.
[[0;32m  OK  [0m] Listening on LVM2 poll daemon socket.
[   24.370726] systemd[1]: Listening on Journal Socket.
[[0;32m  OK  [0m] Listening on Journal Socket.
[   24.384449] systemd[1]: Mounting POSIX Message Queue File System...
         Mounting POSIX Message Queue File System...
[   24.409902] systemd[1]: Starting Uncomplicated firewall...
         Starting Uncomplicated firewall...
[   24.532718] systemd[1]: Starting Load Kernel Modules...
[   24.707455] Loading iSCSI transport class v2.0-870.
         Starting Load Kernel Modules...
[   24.881078] iscsi: registered transport (tcp)
[   24.892445] systemd[1]: Starting Create list of required static device nodes for the current kernel...
         Starting Create list of required st... nodes for the cu[   25.021782] iscsi: registered transport (iser)
rrent kernel...
[   25.048648] systemd[1]: Starting Set console keymap...
         Starting Set console keymap...
[   25.096690] systemd[1]: Mounting Debug File System...
         Mounting Debug File System...
[   25.273218] systemd[1]: Starting Nameserver information manager...
         Starting Nameserver information manager...
[   25.482357] systemd[1]: Starting Monitoring of LVM2 mirrors, snapshots etc. using dmeventd or progress polling...
         Starting Monitoring of LVM2 mirrors... dmeventd or progress polling...
[   25.660398] systemd[1]: Mounting Huge Pages File System...
         Mounting Huge Pages File System...
[   25.671270] systemd[1]: Created slice User and Session Slice.
[[0;32m  OK  [0m] Created slice User and Session Slice.
[   25.716488] systemd[1]: Reached target Slices.
[[0;32m  OK  [0m] Reached target Slices.
[   25.860014] systemd[1]: Listening on udev Control Socket.
[[0;32m  OK  [0m] Listening on udev Control Socket.
[   25.988387] systemd[1]: Starting Remount Root and Kernel File Systems...
[   26.002480] EXT4-fs (sda1): re-mounted. Opts: (null)
         Starting Remount Root and Kernel File Systems...
[   26.382374] systemd[1]: Listening on Journal Socket (/dev/log).
[[0;32m  OK  [0m] Listening on Journal Socket (/dev/log).
[   26.585015] systemd[1]: Starting Journal Service...
         Starting Journal Service...
[   26.658758] systemd[1]: Mounted Debug File System.
[[0;32m  OK  [0m] Mounted Debug File System.
[   26.699647] systemd[1]: Mounted Huge Pages File System.
[[0;32m  OK  [0m] Mounted Huge Pages File System.
[   26.719609] systemd[1]: Mounted POSIX Message Queue File System.
[[0;32m  OK  [0m] Mounted POSIX Message Queue File System.
[   26.728317] systemd[1]: Started Journal Service.
[[0;32m  OK  [0m] Started Journal Service.
[[0;32m  OK  [0m] Started Uncomplicated firewall.
[[0;32m  OK  [0m] Started Load Kernel Modules.
[[0;32m  OK  [0m] Started Create list of required sta...ce nodes for the current kernel.
[[0;32m  OK  [0m] Started Set console keymap.
[[0;32m  OK  [0m] Started Remount Root and Kernel File Systems.
[[0;32m  OK  [0m] Started Nameserver information manager.
[[0;32m  OK  [0m] Started LVM2 metadata daemon.
         Starting udev Coldplug all Devices...
         Starting Initial cloud-init job (pre-networking)...
         Starting Load/Save Random Seed...
         Starting Create Static Device Nodes in /dev...
         Mounting FUSE Control File System...
         Starting Apply Kernel Variables...
         Starting Flush Journal to Persistent Storage...
[[0;32m  OK  [0m] Mounted FUSE Control File System.
[[0;32m  OK  [0m] Started udev Coldplug all Devices.
[[0;32m  OK  [0m] Started Load/Save Random Seed.
[   27.011825] systemd-journald[411]: Received request to flush runtime journal from PID 1
[[0;32m  OK  [0m] Started Flush Journal to Persistent Storage.
[[0;32m  OK  [0m] Started Apply Kernel Variables.
[[0;32m  OK  [0m] Started Monitoring of LVM2 mirrors,...ng dmeventd or progress polling.
[[0;32m  OK  [0m] Started Create Static Device Nodes in /dev.
         Starting udev Kernel Device Manager...
[[0;32m  OK  [0m] Started udev Kernel Device Manager.
[[0;32m  OK  [0m] Reached target Local File Systems (Pre).
[[0;32m  OK  [0m] Reached target Local File Systems.
         Starting Commit a transient machine-id on disk...
         Starting Set console font and keymap...
         Starting Tell Plymouth To Write Out Runtime Data...
         Starting Create Volatile Files and Directories...
         Starting LSB: AppArmor initialization...
[[0;32m  OK  [0m] Started Dispatch Password Requests to Console Directory Watch.
[[0;32m  OK  [0m] Started Commit a transient machine-id on disk.
[[0;32m  OK  [0m] Started Tell Plymouth To Write Out Runtime Data.
[[0;32m  OK  [0m] Started Create Volatile Files and Directories.
         Starting Update UTMP about System Boot/Shutdown...
[[0;32m  OK  [0m] Reached target System Time Synchronized.
[[0;32m  OK  [0m] Found device /dev/ttyS0.
[[0;32m  OK  [0m] Started Update UTMP about System Boot/Shutdown.
[[0;32m  OK  [0m] Listening on Load/Save RF Kill Switch Status /dev/rfkill Watch.
[[0;32m  OK  [0m] Started LSB: AppArmor initialization.
[[0;32m  OK  [0m] Started Set console font and keymap.
[[0;32m  OK  [0m] Created slice system-getty.slice.
[   26.483033] cloud-init[435]: Cloud-init v. 0.7.9 running 'init-local' at Tue, 04 Apr 2017 03:14:12 +0000. Up 26.18 seconds.
[[0;32m  OK  [0m] Started Initial cloud-init job (pre-networking).
[[0;32m  OK  [0m] Reached target Network (Pre).
         Starting Raise network interfaces...
[[0;32m  OK  [0m] Started Raise network interfaces.
[[0;32m  OK  [0m] Reached target Network.
         Starting Initial cloud-init job (metadata service crawler)...
[   29.026261] cloud-init[936]: Cloud-init v. 0.7.9 running 'init' at Tue, 04 Apr 2017 03:14:13 +0000. Up 27.22 seconds.
[   29.035018] cloud-init[936]: ci-info: +++++++++++++++++++++++++++++++++++++Net device info++++++++++++++++++++++++++++++++++++++
[   29.084691] [cloud-init[0;32m  OK  [0m[936]: ] ci-info: +--------+------+----------------------------+---------------+-------+-------------------+Started Initial cloud-init job (metadata service crawler).

[   29.084997] cloud-init[936]: ci-info: | Device |  Up  |          Address           |      Mask     | Scope |     Hw-Address    |
[   29.141458] [cloud-init[0;32m  OK  [0m[936]: ] ci-info: +--------+------+----------------------------+---------------+-------+-------------------+Reached target Network is Online.

[   29.141819] cloud-init[936]: ci-info: |   lo   | True |         127.0.0.1          |   255.0.0.0   |   .   |         .         |
[   29.196515]          cloud-initStarting iSCSI initiator daemon (iscsid)...[936]: 
ci-info: |   lo   | True |          ::1/128           |       .       |  host |         .         |
[   29.228720] [cloud-init[0;32m  OK  [0m[936]: ] ci-info: | enp0s3 | True |         10.0.2.15          | 255.255.255.0 |   .   | 02:6f:83:38:c1:e5 |Reached target Cloud-config availability.

[[0;32m  OK  [0m] Reached target System Initialization.
[[0;32m  OK  [0m] Listening on UUID daemon activation socket.
[   29.229216] cloud-init[936]: ci-info: | enp0s3 | True | fe80::6f:83ff:fe38:c1e5/64 |       .       |  link | 02:6f:83:38:c1:e5 |
[   29.297280] [[0;32m  OK  [0m] Started Daily apt activities.
[[0;32m  OK  [0m] Started Trigger resolvconf update for networkd DNS.
         Starting Socket activation for snappy daemon.
[[0;32m  OK  [0m] Listening on ACPID Listen Socket.
[[0;32m  OK  [0m] Started Daily Cleanup of Temporary Directories.
[[0;32m  OK  [0m] Started Timer to automatically refresh installed snaps.
[[0;32m  OK  [0m] Reached target Timers.
cloud-init[936]: ci-info: +--------+------+----------------------------+---------------+-------+-------------------+
[   29.352005]          Starting LXD - unix socket.
cloud-init[936]: ci-info: +++++++++++++++++++++++++++Route IPv4 info++++++++++++++++++++++++++++
[   29.404861] [cloud-init[0;32m  OK  [0m[936]: ] ci-info: +-------+-------------+----------+---------------+-----------+-------+Started ACPI Events Check.

[   29.464469] [[0;32m  OK  [0m] Reached target Paths.
[[0;32m  OK  [0m] Listening on D-Bus System Message Bus Socket.
cloud-init[936]: ci-info: | Route | Destination | Gateway  |    Genmask    | Interface | Flags |
[   29.523126] [cloud-init[0;32m  OK  [0m[936]: ] ci-info: +-------+-------------+----------+---------------+-----------+-------+Listening on Socket activation for snappy daemon.

[   29.523475] [cloud-init[0;32m  OK  [0m[936]: ] ci-info: |   0   |   0.0.0.0   | 10.0.2.2 |    0.0.0.0    |   enp0s3  |   UG  |Listening on LXD - unix socket.

[   29.581534] [cloud-init[0;32m  OK  [0m[936]: ] ci-info: |   1   |   10.0.2.0  | 0.0.0.0  | 255.255.255.0 |   enp0s3  |   U   |Started iSCSI initiator daemon (iscsid).

[   29.582514] cloud-init[936]: ci-info: +-------+-------------+----------+---------------+-----------+-------+
[   29.617416] cloud-init[936]: Generating public/private rsa key pair.
[   29.646070]          cloud-initStarting Login to default iSCSI targets...[936]: 
Your identification has been saved in /etc/ssh/ssh_host_rsa_key.
[   29.693206] [cloud-init[0;32m  OK  [0m[936]: ] Your public key has been saved in /etc/ssh/ssh_host_rsa_key.pub.Reached target Sockets.

[[0;32m  OK  [0m] Reached target Basic System.
[   29.731850] cloud-init[936]: The key fingerprint is:
[   29.768877] cloud-init[936]: SHA256:FlRhjnX1rhMh3CYMIE7OKU7OukU0bJjvVqQLYP2i114 root@ubuntu-xenial
[[0;32m  OK  [0m] Started Deferred execution scheduler.
[   29.781237] cloud-init[936]: The key's randomart image is:
[   29.812361] cloud-init[936]: +---[RSA 2048]----+
[   29.827131] [[0;32m  OK  [0m] Started FUSE filesystem for LXC.
cloud-init[936]: |      o oo*....  |
[   29.849535] cloud-init[936]: |  .+ = + = = . . |
[   29.867703] cloud-init[936]: |..o.B * o . = + .|
[   29.868343] cloud-init[936]: |.. O.=   .   + o |
         Starting Pollinate to seed the pseudo random number generator...
[   29.868684] cloud-init[936]: |  ..B.. S     . .|
[   29.909628] cloud-init[936]: |  .=oo .       o |
[   29.926000] cloud-init[936]: | ...=. E      o  |
[   29.933652] cloud-init[936]: |  .+. .        . |
[   29.934203] cloud-init[936]: |  .  .           |
[[0;32m  OK  [0m] Started Regular background program processing daemon.
[   29.934724] cloud-init[936]: +----[SHA256]-----+
[   29.974491] cloud-init[936]: Generating public/private dsa key pair.
[   30.016901] cloud-init[936]: Your identification has been saved in /etc/ssh/ssh_host_dsa_key.
         Starting System Logging Service...
[   30.017248] cloud-init[936]: Your public key has been saved in /etc/ssh/ssh_host_dsa_key.pub.
[   30.091981] cloud-init[936]: The key fingerprint is:
[   30.092272] cloud-init[936]: SHA256:mrJoGDauVb7eSMYRkM74Wpb7jBtYocLst+CtLSgspTo root@ubuntu-xenial
         Starting Accounts Service...
[   30.092420] cloud-init[936]: The key's randomart image is:
[   30.147091] cloud-init[936]: +---[DSA 1024]----+
[   30.147339] cloud-init[936]: |  ..             |
         Starting LXD - container startup/shutdown...
[   30.147446] cloud-init[936]: |  ..             |
[   30.198004] cloud-init[936]: | +. .            |
[   30.201883] cloud-init[936]: |+.o. .           |
[   30.228604] cloud-init[936]: |o+..o   S        |
[   30.229189] cloud-init[936]: |+=*+ . o         |
         Starting LSB: Record successful boot for GRUB...[   30.229490] 
cloud-init[936]: |*@+o* o          |
[   30.229525] cloud-init[936]: |E=BB.*           |
[   30.277467] cloud-init[936]: |B=*BB .          |
[   30.278035] cloud-init[936]: +----[SHA256]-----+
         Starting Login Service...
[   30.278331] cloud-init[936]: Generating public/private ecdsa key pair.
[   30.300150] cloud-init[936]: Your identification has been saved in /etc/ssh/ssh_host_ecdsa_key.
[   30.304505] cloud-init[936]: Your public key has been saved in /etc/ssh/ssh_host_ecdsa_key.pub.
[   30.338280] cloud-init[936]: The key fingerprint is:
[   30.369391] cloud-init[936]: SHA256:tCsr2LkFcDfIH7H3E6/JBn2WmxQ3EFXvE1GyIEp5zZk root@ubuntu-xenial
[   30.375219] cloud-init[936]: The key's randomart image is:
[   30.380469] cloud-init[936]: +---[ECDSA 256]---+
[   30.393761] cloud-init[936]: |      . ...o+=oo+|
[   30.394336] cloud-init[936]: |   . . +....Eo oo|
[[0;32m  OK  [0m] Started ACPI event daemon.
[   30.394651] cloud-init[936]: |  . + = +.. . +..|
[   30.444920] cloud-init[936]: |   o o = + o + o.|
[   30.464526] cloud-init[936]: |    . . S + *  ..|
[   30.471217] cloud-init[936]: |     .   + B o  .|
[   30.483615] cloud-init[936]: |   o .o . = o    |
[   30.483878] cloud-init[936]: |  . +. o .       |
[[0;32m  OK  [0m] Started Snappy daemon.
[   30.483934] cloud-init[936]: |    .o.          |
[   30.524171] cloud-init[936]: +----[SHA256]-----+
[   30.524450] cloud-init[936]: Generating public/private ed25519 key pair.
[[0;32m  OK  [0m] Started D-Bus System Message Bus.
[   30.524552] cloud-init[936]: Your identification has been saved in /etc/ssh/ssh_host_ed25519_key.
[   30.540089] cloud-init[936]: Your public key has been saved in /etc/ssh/ssh_host_ed25519_key.pub.
[   30.554706] cloud-init[936]: The key fingerprint is:
[   30.556863] cloud-init[936]: SHA256:mHku0zKnfN7acA1997FVPUQVfeWChXAI2toM2YT4Ga0 root@ubuntu-xenial
[   30.580838] cloud-init[936]: The key's randomart image is:
[   30.592550] cloud-init[936]: +--[ED25519 256]--+
[   30.612854] cloud-init[936]: |     . oo..o..o+B|
[   30.645726] cloud-init[936]: |    . o*. ...o..+|
[   30.648764] cloud-init[936]: |     .++o   . ..=|
[   30.650532] cloud-init[936]: |      EO   .   .o|
[   30.656797] cloud-init[936]: |      = S . . ..o|
[   30.692498] cloud-init[936]: |       +   o . .=|
[   30.712143] cloud-init[936]: |      = = . .  ..|
[   30.737106] cloud-init[936]: |     . B.=       |
[   30.751824] cloud-init[936]: |      ooo.o      |
[   30.755040] cloud-init[936]: +----[SHA256]-----+
         Starting Apply the settings specified in cloud-config...
         Starting LSB: MD monitoring daemon...
         Starting /etc/rc.local Compatibility...
         Starting Auto import assertions from block devices...
[[0;32m  OK  [0m] Started System Logging Service.
[[0;32m  OK  [0m] Started /etc/rc.local Compatibility.
[[0;32m  OK  [0m] Started Auto import assertions from block devices.
[[0;32m  OK  [0m] Started Login Service.
         Starting Authenticate and Authorize Users to Run Privileged Tasks...
[[0;32m  OK  [0m] Started LSB: Record successful boot for GRUB.
[[0;32m  OK  [0m] Started LSB: MD monitoring daemon.
[[0;32m  OK  [0m] Started Login to default iSCSI targets.
[[0;32m  OK  [0m] Reached target Remote File Systems (Pre).
[[0;32m  OK  [0m] Reached target Remote File Systems.
         Starting Permit User Sessions...
         Starting LSB: automatic crash report generation...
         Starting LSB: daemon to balance interrupts for SMP systems...
         Starting LSB: Set the CPU Frequency Scaling governor to "ondemand"...
         Starting LSB: VirtualBox Linux Additions...
[[0;32m  OK  [0m] Started LSB: Set the CPU Frequency Scaling governor to "ondemand".
[[0;32m  OK  [0m] Started LSB: automatic crash report generation.
[[0;32m  OK  [0m] Started LSB: daemon to balance interrupts for SMP systems.
[[0;32m  OK  [0m] Started Authenticate and Authorize Users to Run Privileged Tasks.
[[0;32m  OK  [0m] Started Accounts Service.
[[0;32m  OK  [0m] Started Permit User Sessions.
         Starting Hold until boot process finishes up...
         Starting Terminate Plymouth Boot Screen...
[[0;32m  OK  [0m] Started Hold until boot process finishes up.
[   31.940776] cloud-init[1107]: Generating locales (this might take a while)...
[[0;32m  OK  [0m] Started Terminate Plymouth Boot Screen.
         Starting Set console scheme...
[[0;32m  OK  [0m] Started Serial Getty on ttyS0.
[[0;32m  OK  [0m] Started Getty on tty1.
[[0;32m  OK  [0m] Reached target Login Prompts.
[[0;32m  OK  [0m] Started Set console scheme.
[[0;32m  OK  [0m] Started Pollinate to seed the pseudo random number generator.
         Starting OpenBSD Secure Shell server...
[[0;32m  OK  [0m] Started LSB: VirtualBox Linux Additions.
[[0;32m  OK  [0m] Started OpenBSD Secure Shell server.
[[0;32m  OK  [0m] Started LXD - container startup/shutdown.
[[0;32m  OK  [0m] Reached target Multi-User System.
[[0;32m  OK  [0m] Reached target Graphical Interface.
         Starting Update UTMP about System Runlevel Changes...
[[0;32m  OK  [0m] Started Update UTMP about System Runlevel Changes.
[   34.032127] cloud-init[1107]:   en_US.UTF-8... done
[   34.038326] cloud-init[1107]: Generation complete.
         Stopping OpenBSD Secure Shell server...
[[0;32m  OK  [0m] Stopped OpenBSD Secure Shell server.
         Starting OpenBSD Secure Shell server...
[[0;32m  OK  [0m] Started OpenBSD Secure Shell server.
[   35.008541] cloud-init[1107]: Cloud-init v. 0.7.9 running 'modules:config' at Tue, 04 Apr 2017 03:14:17 +0000. Up 31.44 seconds.
[[0;32m  OK  [0m] Started Apply the settings specified in cloud-config.
         Starting Execute cloud user/final scripts...
ci-info: no authorized ssh keys fingerprints found for user ubuntu.
<14>Apr  4 03:14:21 ec2: 
<14>Apr  4 03:14:21 ec2: #############################################################
<14>Apr  4 03:14:21 ec2: -----BEGIN SSH HOST KEY FINGERPRINTS-----
<14>Apr  4 03:14:21 ec2: 1024 SHA256:mrJoGDauVb7eSMYRkM74Wpb7jBtYocLst+CtLSgspTo root@ubuntu-xenial (DSA)
<14>Apr  4 03:14:21 ec2: 256 SHA256:tCsr2LkFcDfIH7H3E6/JBn2WmxQ3EFXvE1GyIEp5zZk root@ubuntu-xenial (ECDSA)
<14>Apr  4 03:14:21 ec2: 256 SHA256:mHku0zKnfN7acA1997FVPUQVfeWChXAI2toM2YT4Ga0 root@ubuntu-xenial (ED25519)
<14>Apr  4 03:14:21 ec2: 2048 SHA256:FlRhjnX1rhMh3CYMIE7OKU7OukU0bJjvVqQLYP2i114 root@ubuntu-xenial (RSA)
<14>Apr  4 03:14:21 ec2: -----END SSH HOST KEY FINGERPRINTS-----
<14>Apr  4 03:14:21 ec2: #############################################################
-----BEGIN SSH HOST KEY KEYS-----
ecdsa-sha2-nistp256 AAAAE2VjZHNhLXNoYTItbmlzdHAyNTYAAAAIbmlzdHAyNTYAAABBBFGVoLp6zY3ih+/jKFzKIa3Da/O56+ozvbWryiwN7cjVJIgryHZtf4KkeFNcTiOfc7Vz1whdwBrmBPpS9NL4jL4= root@ubuntu-xenial
ssh-ed25519 AAAAC3NzaC1lZDI1NTE5AAAAIFuyyG/nT3VIsdhSyk6EXzn2B7DN8Lqtl6t8GizpD7fU root@ubuntu-xenial
ssh-rsa AAAAB3NzaC1yc2EAAAADAQABAAABAQDSGhBUgUW349GG15DTKPuZnKvByU0XHfCQnWQHuIm9osE/AqaBIFaHXZ0bzouIOK4cdUqaWqbfrhr7IDLM9nyA5KrJ3yy3Ig9ovIaBgLXQzlyDI5b1tQ0FjRTchxnQLi3Gd0rILSIhpbra4qvQ3/4JZyUofcnFeo584/6X+Pd4m0PTBHkxyWu60aMmOARGg1aqKQJsDdfkoAMJ42lMl3kiOIDVYuztuF5p+1ZPpX8pKTiSehb8AKyGKqzUXoYybylAFti1wbw2BOCdADFsMdkOU4Mx43sEelVm6VbZlUhJmK48a93qev8FMPzdkV4Bb7q44PuQaSPo+LZMB8Tj9PNR root@ubuntu-xenial
-----END SSH HOST KEY KEYS-----
[   35.523865] cloud-init[1297]: Cloud-init v. 0.7.9 running 'modules:final' at Tue, 04 Apr 2017 03:14:21 +0000. Up 35.36 seconds.
[   35.527945] cloud-init[1297]: ci-info: no authorized ssh keys fingerprints found for user ubuntu.
[   35.539731] cloud-init[1297]: Cloud-init v. 0.7.9 finished at Tue, 04 Apr 2017 03:14:21 +0000. Datasource DataSourceNoCloud [seed=/dev/sdb][dsmode=net].  Up 35.51 seconds
[[0;32m  OK  [0m] Started Execute cloud user/final scripts.
[[0;32m  OK  [0m] Reached target Cloud-init target.

Ubuntu 16.04.2 LTS ubuntu-xenial ttyS0

ubuntu-xenial login: 